<?xml version="1.0" encoding="UTF-8"?>
<!-- Generated by org.testng.reporters.JUnitXMLReporter -->
<testsuite hostname="INPUDPPATIL1" ignored="1" name="Add Restriction to Existing Pages" tests="1" failures="0" timestamp="05 Feb 2018 06:45:31 GMT" time="45.078" errors="0">
  <testcase name="addRestrictionToExistingPage" time="45.07" classname="com.pageFactory.Actions.HomePage_Test"/>
  <testcase name="createBlankSpace" time="0.0" classname="com.pageFactory.Actions.HomePage_Test">
    <ignored/>
  </testcase> <!-- createBlankSpace -->
</testsuite> <!-- Add Restriction to Existing Pages -->
