<?xml version="1.0" encoding="UTF-8"?>
<!-- Generated by org.testng.reporters.JUnitXMLReporter -->
<testsuite hostname="INPUDPPATIL1" ignored="1" name="create blank space" tests="1" failures="0" timestamp="05 Feb 2018 09:25:56 GMT" time="30.355" errors="0">
  <testcase name="createBlankSpace" time="30.35" classname="com.pageFactory.Actions.HomePage_Test"/>
  <testcase name="addRestrictionToExistingPage" time="0.0" classname="com.pageFactory.Actions.HomePage_Test">
    <ignored/>
  </testcase> <!-- addRestrictionToExistingPage -->
</testsuite> <!-- create blank space -->
